Start testing: May 26 19:16 CEST
----------------------------------------------------------
Unable to find executable: led_driver_test
1/1 Testing: led_driver_test
1/1 Test: led_driver_test
Command: ""
Directory: /home/thomas/dev/tdd/led_driver/build/test/unity
"led_driver_test" start time: 
Output:
----------------------------------------------------------
<end of output>
Test time =   0.00 sec
----------------------------------------------------------
Test Passed.
"led_driver_test" end time: May 26 19:16 CEST
"led_driver_test" time elapsed: 00:00:00
----------------------------------------------------------

End testing: May 26 19:16 CEST
